TN:
SF:L:\Libs\Documents\GitHub\smartContractsLabs\Ballot\contracts\Ballot.sol
FN:32,constructor
FN:47,onlyChair
FN:52,validPhase
FN:57,changeState
FN:62,register
FN:67,vote
FN:79,reqWinner
FNF:7
FNH:7
FNDA:3,constructor
FNDA:6,onlyChair
FNDA:9,validPhase
FNDA:2,changeState
FNDA:4,register
FNDA:4,vote
FNDA:1,reqWinner
DA:33,3
DA:34,3
DA:35,3
DA:42,6
DA:44,3
DA:48,6
DA:49,6
DA:53,9
DA:54,9
DA:58,2
DA:59,2
DA:63,4
DA:64,4
DA:68,4
DA:70,4
DA:72,4
DA:74,4
DA:75,4
DA:76,4
DA:80,1
DA:81,1
DA:82,1
DA:83,2
DA:84,1
DA:85,1
DA:88,1
DA:89,1
LF:27
LH:27
BRDA:48,1,0,6
BRDA:48,1,1,0
BRDA:53,2,0,9
BRDA:53,2,1,0
BRDA:58,3,0,2
BRDA:58,3,1,0
BRDA:63,4,0,4
BRDA:63,4,1,0
BRDA:70,5,0,4
BRDA:70,5,1,0
BRDA:72,6,0,4
BRDA:72,6,1,0
BRDA:83,7,0,1
BRDA:83,7,1,1
BRF:14
BRH:8
end_of_record
