{"contracts\\Ballot.sol":{"l":{"33":3,"34":3,"35":3,"42":6,"44":3,"48":6,"49":6,"53":9,"54":9,"58":2,"59":2,"63":4,"64":4,"68":4,"70":4,"72":4,"74":4,"75":4,"76":4,"80":1,"81":1,"82":1,"83":2,"84":1,"85":1,"88":1,"89":1},"path":"L:\\Libs\\Documents\\GitHub\\smartContractsLabs\\Ballot\\contracts\\Ballot.sol","s":{"1":3,"2":3,"3":3,"4":6,"5":3,"6":6,"7":9,"8":2,"9":2,"10":4,"11":4,"12":4,"13":4,"14":4,"15":4,"16":4,"17":4,"18":1,"19":1,"20":1,"21":2,"22":1,"23":1,"24":1,"25":1},"b":{"1":[6,0],"2":[9,0],"3":[2,0],"4":[4,0],"5":[4,0],"6":[4,0],"7":[1,1]},"f":{"1":3,"2":6,"3":9,"4":2,"5":4,"6":4,"7":1},"fnMap":{"1":{"name":"constructor","line":32,"loc":{"start":{"line":32,"column":4},"end":{"line":45,"column":4}}},"2":{"name":"onlyChair","line":47,"loc":{"start":{"line":47,"column":4},"end":{"line":50,"column":4}}},"3":{"name":"validPhase","line":52,"loc":{"start":{"line":52,"column":4},"end":{"line":55,"column":4}}},"4":{"name":"changeState","line":57,"loc":{"start":{"line":57,"column":4},"end":{"line":60,"column":4}}},"5":{"name":"register","line":62,"loc":{"start":{"line":62,"column":4},"end":{"line":65,"column":4}}},"6":{"name":"vote","line":67,"loc":{"start":{"line":67,"column":4},"end":{"line":77,"column":4}}},"7":{"name":"reqWinner","line":79,"loc":{"start":{"line":79,"column":4},"end":{"line":90,"column":4}}}},"statementMap":{"1":{"start":{"line":33,"column":8},"end":{"line":33,"column":31}},"2":{"start":{"line":34,"column":8},"end":{"line":34,"column":37}},"3":{"start":{"line":35,"column":8},"end":{"line":35,"column":969}},"4":{"start":{"line":42,"column":12},"end":{"line":42,"column":38}},"5":{"start":{"line":44,"column":8},"end":{"line":44,"column":25}},"6":{"start":{"line":48,"column":8},"end":{"line":48,"column":57}},"7":{"start":{"line":53,"column":8},"end":{"line":53,"column":33}},"8":{"start":{"line":58,"column":8},"end":{"line":58,"column":25}},"9":{"start":{"line":59,"column":8},"end":{"line":59,"column":16}},"10":{"start":{"line":63,"column":8},"end":{"line":63,"column":44}},"11":{"start":{"line":64,"column":8},"end":{"line":64,"column":31}},"12":{"start":{"line":68,"column":8},"end":{"line":68,"column":48}},"13":{"start":{"line":70,"column":8},"end":{"line":70,"column":37}},"14":{"start":{"line":72,"column":8},"end":{"line":72,"column":45}},"15":{"start":{"line":74,"column":8},"end":{"line":74,"column":38}},"16":{"start":{"line":75,"column":8},"end":{"line":75,"column":43}},"17":{"start":{"line":76,"column":8},"end":{"line":76,"column":55}},"18":{"start":{"line":80,"column":8},"end":{"line":80,"column":33}},"19":{"start":{"line":81,"column":8},"end":{"line":81,"column":32}},"20":{"start":{"line":82,"column":8},"end":{"line":82,"column":2373}},"21":{"start":{"line":83,"column":12},"end":{"line":83,"column":2445}},"22":{"start":{"line":84,"column":16},"end":{"line":84,"column":59}},"23":{"start":{"line":85,"column":16},"end":{"line":85,"column":37}},"24":{"start":{"line":88,"column":8},"end":{"line":88,"column":36}},"25":{"start":{"line":89,"column":8},"end":{"line":89,"column":30}}},"branchMap":{"1":{"line":48,"type":"if","locations":[{"start":{"line":48,"column":8},"end":{"line":48,"column":8}},{"start":{"line":48,"column":8},"end":{"line":48,"column":8}}]},"2":{"line":53,"type":"if","locations":[{"start":{"line":53,"column":8},"end":{"line":53,"column":8}},{"start":{"line":53,"column":8},"end":{"line":53,"column":8}}]},"3":{"line":58,"type":"if","locations":[{"start":{"line":58,"column":8},"end":{"line":58,"column":8}},{"start":{"line":58,"column":8},"end":{"line":58,"column":8}}]},"4":{"line":63,"type":"if","locations":[{"start":{"line":63,"column":8},"end":{"line":63,"column":8}},{"start":{"line":63,"column":8},"end":{"line":63,"column":8}}]},"5":{"line":70,"type":"if","locations":[{"start":{"line":70,"column":8},"end":{"line":70,"column":8}},{"start":{"line":70,"column":8},"end":{"line":70,"column":8}}]},"6":{"line":72,"type":"if","locations":[{"start":{"line":72,"column":8},"end":{"line":72,"column":8}},{"start":{"line":72,"column":8},"end":{"line":72,"column":8}}]},"7":{"line":83,"type":"if","locations":[{"start":{"line":83,"column":12},"end":{"line":83,"column":12}},{"start":{"line":83,"column":12},"end":{"line":83,"column":12}}]}}}}